app/build/outputs/logs/manifest-merger-debug-report.txt
-- Merging decision tree log ---
manifest
ADDED from src/main/AndroidManifest.xml:2:1-49:12
INJECTED from src/main/AndroidManifest.xml:2:1-49:12
INJECTED from src/main/AndroidManifest.xml:2:1-49:12
INJECTED from src/main/AndroidManifest.xml:2:1-49:12
INJECTED from src/main/AndroidManifest.xml:2:1-49:12
INJECTED from src/main/AndroidManifest.xml:2:1-49:12
INJECTED from src/main/AndroidManifest.xml:2:1-49:12
	package
		ADDED from src/main/AndroidManifest.xml:3:5-36
		INJECTED from src/main/AndroidManifest.xml
		INJECTED from src/main/AndroidManifest.xml
	android:versionName
		ADDED from src/main/AndroidManifest.xml:5:5-32
		INJECTED from src/main/AndroidManifest.xml
		INJECTED from src/main/AndroidManifest.xml
	xmlns:android
		ADDED from src/main/AndroidManifest.xml:2:11-69
	android:versionCode
		ADDED from src/main/AndroidManifest.xml:4:5-28
		INJECTED from src/main/AndroidManifest.xml
		INJECTED from src/main/AndroidManifest.xml
	android:theme
		ADDED from src/main/AndroidManifest.xml:6:5-48
uses-sdk
ADDED from src/main/AndroidManifest.xml:9:5-11:40
INJECTED from src/main/AndroidManifest.xml:9:5-11:40
INJECTED from src/main/AndroidManifest.xml:9:5-11:40
INJECTED from src/main/AndroidManifest.xml:9:5-11:40
INJECTED from src/main/AndroidManifest.xml:9:5-11:40
	android:targetSdkVersion
		ADDED from src/main/AndroidManifest.xml:11:9-37
		INJECTED from src/main/AndroidManifest.xml
		INJECTED from src/main/AndroidManifest.xml
	android:minSdkVersion
		ADDED from src/main/AndroidManifest.xml:10:9-34
		INJECTED from src/main/AndroidManifest.xml
		INJECTED from src/main/AndroidManifest.xml
uses-permission#android.permission.INTERNET
ADDED from src/main/AndroidManifest.xml:12:2-63
	android:name
		ADDED from src/main/AndroidManifest.xml:12:19-61
uses-permission#android.permission.ACCESS_WIFI_STATE
ADDED from src/main/AndroidManifest.xml:13:1-71
	android:name
		ADDED from src/main/AndroidManifest.xml:13:18-69
uses-permission#android.permission.ACCESS_NETWORK_STATE
ADDED from src/main/AndroidManifest.xml:14:1-74
	android:name
		ADDED from src/main/AndroidManifest.xml:14:18-72
uses-permission#android.permission.READ_PHONE_STATE
ADDED from src/main/AndroidManifest.xml:15:1-70
	android:name
		ADDED from src/main/AndroidManifest.xml:15:18-68
uses-permission#android.permission.SYSTEM_ALERT_WINDOW
ADDED from src/main/AndroidManifest.xml:16:1-73
	android:name
		ADDED from src/main/AndroidManifest.xml:16:18-71
uses-permission#android.permission.GET_TASKS
ADDED from src/main/AndroidManifest.xml:17:1-63
	android:name
		ADDED from src/main/AndroidManifest.xml:17:18-61
application
ADDED from src/main/AndroidManifest.xml:19:5-47:19
	android:label
		ADDED from src/main/AndroidManifest.xml:22:9-41
	android:icon
		ADDED from src/main/AndroidManifest.xml:21:9-45
	android:allowBackup
		ADDED from src/main/AndroidManifest.xml:20:9-35
	android:theme
		ADDED from src/main/AndroidManifest.xml:23:9-40
activity#com.azutka.wordfinder.MainActivity
ADDED from src/main/AndroidManifest.xml:27:9-35:20
	android:label
		ADDED from src/main/AndroidManifest.xml:29:13-45
	android:name
		ADDED from src/main/AndroidManifest.xml:28:13-62
intent-filter#action:name:android.intent.action.MAIN+category:name:android.intent.category.LAUNCHER
ADDED from src/main/AndroidManifest.xml:30:13-34:29
action#android.intent.action.MAIN
ADDED from src/main/AndroidManifest.xml:31:17-69
	android:name
		ADDED from src/main/AndroidManifest.xml:31:25-66
category#android.intent.category.LAUNCHER
ADDED from src/main/AndroidManifest.xml:33:17-77
	android:name
		ADDED from src/main/AndroidManifest.xml:33:27-74
activity#com.azutka.wordfinder.splash
ADDED from src/main/AndroidManifest.xml:37:9-45:20
	android:label
		ADDED from src/main/AndroidManifest.xml:39:13-45
	android:name
		ADDED from src/main/AndroidManifest.xml:38:13-56
intent-filter#action:name:com.azutka.wordfinder.SPLASH+category:name:android.intent.category.DEFAULT
ADDED from src/main/AndroidManifest.xml:40:13-44:29
action#com.azutka.wordfinder.SPLASH
ADDED from src/main/AndroidManifest.xml:41:17-71
	android:name
		ADDED from src/main/AndroidManifest.xml:41:25-68
category#android.intent.category.DEFAULT
ADDED from src/main/AndroidManifest.xml:43:17-76
	android:name
		ADDED from src/main/AndroidManifest.xml:43:27-73